# JRE version: OpenJDK Runtime Environment (8.0_152-b01) (build 1.8.0_152-release-884-b01)
# Java VM: OpenJDK 64-Bit Server VM (25.152-b01 mixed mode linux-amd64 compressed oops)
Heap:
 PSYoungGen      total 142336K, used 0K [0x00000000e0000000, 0x00000000ea600000, 0x0000000100000000)
  eden space 124928K, 0% used [0x00000000e0000000,0x00000000e0000000,0x00000000e7a00000)
  from space 17408K, 0% used [0x00000000e8f80000,0x00000000e8f80000,0x00000000ea080000)
  to   space 22016K, 0% used [0x00000000e7a00000,0x00000000e7a00000,0x00000000e8f80000)
 ParOldGen       total 91136K, used 36068K [0x00000000a0000000, 0x00000000a5900000, 0x00000000e0000000)
  object space 91136K, 39% used [0x00000000a0000000,0x00000000a2339380,0x00000000a5900000)
 Metaspace       used 56957K, capacity 58965K, committed 59028K, reserved 1099776K
  class space    used 7731K, capacity 8192K, committed 8192K, reserved 1048576K
GC Heap History (10 events):
Event: 5.020 GC heap after
Heap after GC invocations=10 (full 2):
 PSYoungGen      total 97280K, used 0K [0x00000000e0000000, 0x00000000e8180000, 0x0000000100000000)
  eden space 93184K, 0% used [0x00000000e0000000,0x00000000e0000000,0x00000000e5b00000)
  from space 4096K, 0% used [0x00000000e6600000,0x00000000e6600000,0x00000000e6a00000)
  to   space 11264K, 0% used [0x00000000e5b00000,0x00000000e5b00000,0x00000000e6600000)
 ParOldGen       total 91136K, used 15977K [0x00000000a0000000, 0x00000000a5900000, 0x00000000e0000000)
  object space 91136K, 17% used [0x00000000a0000000,0x00000000a0f9a450,0x00000000a5900000)
 Metaspace       used 34438K, capacity 35194K, committed 35416K, reserved 1079296K
  class space    used 4687K, capacity 4925K, committed 4992K, reserved 1048576K
}
Event: 6.464 GC heap before
{Heap before GC invocations=11 (full 2):
 PSYoungGen      total 97280K, used 93184K [0x00000000e0000000, 0x00000000e8180000, 0x0000000100000000)
  eden space 93184K, 100% used [0x00000000e0000000,0x00000000e5b00000,0x00000000e5b00000)
  from space 4096K, 0% used [0x00000000e6600000,0x00000000e6600000,0x00000000e6a00000)
  to   space 11264K, 0% used [0x00000000e5b00000,0x00000000e5b00000,0x00000000e6600000)
 ParOldGen       total 91136K, used 15977K [0x00000000a0000000, 0x00000000a5900000, 0x00000000e0000000)
  object space 91136K, 17% used [0x00000000a0000000,0x00000000a0f9a450,0x00000000a5900000)
 Metaspace       used 40425K, capacity 41284K, committed 41816K, reserved 1085440K
  class space    used 5389K, capacity 5642K, committed 5760K, reserved 1048576K
Event: 6.481 GC heap after
Heap after GC invocations=11 (full 2):
 PSYoungGen      total 104448K, used 9796K [0x00000000e0000000, 0x00000000e8400000, 0x0000000100000000)
  eden space 93184K, 0% used [0x00000000e0000000,0x00000000e0000000,0x00000000e5b00000)
  from space 11264K, 86% used [0x00000000e5b00000,0x00000000e64911e0,0x00000000e6600000)
  to   space 12288K, 0% used [0x00000000e7800000,0x00000000e7800000,0x00000000e8400000)
 ParOldGen       total 91136K, used 15985K [0x00000000a0000000, 0x00000000a5900000, 0x00000000e0000000)
  object space 91136K, 17% used [0x00000000a0000000,0x00000000a0f9c450,0x00000000a5900000)
 Metaspace       used 40425K, capacity 41284K, committed 41816K, reserved 1085440K
  class space    used 5389K, capacity 5642K, committed 5760K, reserved 1048576K
}
Event: 8.100 GC heap before
{Heap before GC invocations=12 (full 2):
 PSYoungGen      total 104448K, used 102980K [0x00000000e0000000, 0x00000000e8400000, 0x0000000100000000)
  eden space 93184K, 100% used [0x00000000e0000000,0x00000000e5b00000,0x00000000e5b00000)
  from space 11264K, 86% used [0x00000000e5b00000,0x00000000e64911e0,0x00000000e6600000)
  to   space 12288K, 0% used [0x00000000e7800000,0x00000000e7800000,0x00000000e8400000)
 ParOldGen       total 91136K, used 15985K [0x00000000a0000000, 0x00000000a5900000, 0x00000000e0000000)
  object space 91136K, 17% used [0x00000000a0000000,0x00000000a0f9c450,0x00000000a5900000)
 Metaspace       used 46510K, capacity 47644K, committed 48088K, reserved 1091584K
  class space    used 6196K, capacity 6529K, committed 6656K, reserved 1048576K
Event: 8.118 GC heap after
Heap after GC invocations=12 (full 2):
 PSYoungGen      total 121344K, used 12266K [0x00000000e0000000, 0x00000000e8680000, 0x0000000100000000)
  eden space 109056K, 0% used [0x00000000e0000000,0x00000000e0000000,0x00000000e6a80000)
  from space 12288K, 99% used [0x00000000e7800000,0x00000000e83faa88,0x00000000e8400000)
  to   space 13824K, 0% used [0x00000000e6a80000,0x00000000e6a80000,0x00000000e7800000)
 ParOldGen       total 91136K, used 16878K [0x00000000a0000000, 0x00000000a5900000, 0x00000000e0000000)
  object space 91136K, 18% used [0x00000000a0000000,0x00000000a107baf8,0x00000000a5900000)
 Metaspace       used 46510K, capacity 47644K, committed 48088K, reserved 1091584K
  class space    used 6196K, capacity 6529K, committed 6656K, reserved 1048576K
}
Event: 11.077 GC heap before
{Heap before GC invocations=13 (full 2):
 PSYoungGen      total 121344K, used 121322K [0x00000000e0000000, 0x00000000e8680000, 0x0000000100000000)
  eden space 109056K, 100% used [0x00000000e0000000,0x00000000e6a80000,0x00000000e6a80000)
  from space 12288K, 99% used [0x00000000e7800000,0x00000000e83faa88,0x00000000e8400000)
  to   space 13824K, 0% used [0x00000000e6a80000,0x00000000e6a80000,0x00000000e7800000)
 ParOldGen       total 91136K, used 16878K [0x00000000a0000000, 0x00000000a5900000, 0x00000000e0000000)
  object space 91136K, 18% used [0x00000000a0000000,0x00000000a107baf8,0x00000000a5900000)
 Metaspace       used 53251K, capacity 55052K, committed 55256K, reserved 1097728K
  class space    used 7213K, capacity 7627K, committed 7680K, reserved 1048576K
Event: 11.127 GC heap after
Heap after GC invocations=13 (full 2):
 PSYoungGen      total 122880K, used 13805K [0x00000000e0000000, 0x00000000ea080000, 0x0000000100000000)
  eden space 109056K, 0% used [0x00000000e0000000,0x00000000e0000000,0x00000000e6a80000)
  from space 13824K, 99% used [0x00000000e6a80000,0x00000000e77fb4d8,0x00000000e7800000)
  to   space 17408K, 0% used [0x00000000e8f80000,0x00000000e8f80000,0x00000000ea080000)
 ParOldGen       total 91136K, used 22383K [0x00000000a0000000, 0x00000000a5900000, 0x00000000e0000000)
  object space 91136K, 24% used [0x00000000a0000000,0x00000000a15dbf10,0x00000000a5900000)
 Metaspace       used 53251K, capacity 55052K, committed 55256K, reserved 1097728K
  class space    used 7213K, capacity 7627K, committed 7680K, reserved 1048576K
}
Event: 27.738 GC heap before
{Heap before GC invocations=14 (full 2):
 PSYoungGen      total 122880K, used 96900K [0x00000000e0000000, 0x00000000ea080000, 0x0000000100000000)
  eden space 109056K, 76% used [0x00000000e0000000,0x00000000e5125ba0,0x00000000e6a80000)
  from space 13824K, 99% used [0x00000000e6a80000,0x00000000e77fb4d8,0x00000000e7800000)
  to   space 17408K, 0% used [0x00000000e8f80000,0x00000000e8f80000,0x00000000ea080000)
 ParOldGen       total 91136K, used 22383K [0x00000000a0000000, 0x00000000a5900000, 0x00000000e0000000)
  object space 91136K, 24% used [0x00000000a0000000,0x00000000a15dbf10,0x00000000a5900000)
 Metaspace       used 56957K, capacity 58965K, committed 59028K, reserved 1099776K
  class space    used 7731K, capacity 8192K, committed 8192K, reserved 1048576K
Event: 27.776 GC heap after
Heap after GC invocations=14 (full 2):
 PSYoungGen      total 142336K, used 17397K [0x00000000e0000000, 0x00000000ea600000, 0x0000000100000000)
  eden space 124928K, 0% used [0x00000000e0000000,0x00000000e0000000,0x00000000e7a00000)
  from space 17408K, 99% used [0x00000000e8f80000,0x00000000ea07d4c8,0x00000000ea080000)
  to   space 22016K, 0% used [0x00000000e7a00000,0x00000000e7a00000,0x00000000e8f80000)
 ParOldGen       total 91136K, used 27553K [0x00000000a0000000, 0x00000000a5900000, 0x00000000e0000000)
  object space 91136K, 30% used [0x00000000a0000000,0x00000000a1ae8590,0x00000000a5900000)
 Metaspace       used 56957K, capacity 58965K, committed 59028K, reserved 1099776K
  class space    used 7731K, capacity 8192K, committed 8192K, reserved 1048576K
}
Event: 27.776 GC heap before
{Heap before GC invocations=15 (full 3):
 PSYoungGen      total 142336K, used 17397K [0x00000000e0000000, 0x00000000ea600000, 0x0000000100000000)
  eden space 124928K, 0% used [0x00000000e0000000,0x00000000e0000000,0x00000000e7a00000)
  from space 17408K, 99% used [0x00000000e8f80000,0x00000000ea07d4c8,0x00000000ea080000)
  to   space 22016K, 0% used [0x00000000e7a00000,0x00000000e7a00000,0x00000000e8f80000)
 ParOldGen       total 91136K, used 27553K [0x00000000a0000000, 0x00000000a5900000, 0x00000000e0000000)
  object space 91136K, 30% used [0x00000000a0000000,0x00000000a1ae8590,0x00000000a5900000)
 Metaspace       used 56957K, capacity 58965K, committed 59028K, reserved 1099776K
  class space    used 7731K, capacity 8192K, committed 8192K, reserved 1048576K

